<?xml version="1.0" encoding="UTF-8"?>
<!-- Generated by org.testng.reporters.JUnitReportReporter -->
<testsuite hostname="UB00352" failures="0" tests="1" name="recordingTests.TestCase" time="13.506" errors="0" timestamp="06 Apr 2020 10:48:53 GMT" skipped="0">
  <testcase classname="recordingTests.TestCase" name="verifyLinks" time="13.506"/>
</testsuite> <!-- recordingTests.TestCase -->
